[debug] [2020-10-14T04:35:56.700Z] ----------------------------------------------------------------------
[debug] [2020-10-14T04:35:56.702Z] Command:       C:\Program Files\nodejs\node.exe C:\Users\rahul\AppData\Roaming\npm\node_modules\firebase-tools\lib\bin\firebase.js serve
[debug] [2020-10-14T04:35:56.702Z] CLI Version:   8.10.0
[debug] [2020-10-14T04:35:56.702Z] Platform:      win32
[debug] [2020-10-14T04:35:56.702Z] Node Version:  v12.18.3
[debug] [2020-10-14T04:35:56.703Z] Time:          Wed Oct 14 2020 10:05:56 GMT+0530 (India Standard Time)
[debug] [2020-10-14T04:35:56.703Z] ----------------------------------------------------------------------
[debug] [2020-10-14T04:35:56.703Z] 
[debug] [2020-10-14T04:35:56.713Z] > command requires scopes: ["email","openid","https://www.googleapis.com/auth/cloudplatformprojects.readonly","https://www.googleapis.com/auth/firebase","https://www.googleapis.com/auth/cloud-platform"]
[debug] [2020-10-14T04:35:56.713Z] > authorizing via signed-in user
[debug] [2020-10-14T04:35:56.714Z] [iam] checking project tu-update for permissions ["firebase.projects.get"]
[debug] [2020-10-14T04:35:56.715Z] > refreshing access token with scopes: ["email","https://www.googleapis.com/auth/cloud-platform","https://www.googleapis.com/auth/cloudplatformprojects.readonly","https://www.googleapis.com/auth/firebase","openid"]
[debug] [2020-10-14T04:35:56.715Z] >>> HTTP REQUEST POST https://www.googleapis.com/oauth2/v3/token  
 <request body omitted>
[debug] [2020-10-14T04:35:59.082Z] <<< HTTP RESPONSE 200 {"pragma":"no-cache","expires":"Mon, 01 Jan 1990 00:00:00 GMT","cache-control":"no-cache, no-store, max-age=0, must-revalidate","date":"Wed, 14 Oct 2020 10:05:58 GMT","content-type":"application/json; charset=utf-8","vary":"X-Origin, Referer, Origin,Accept-Encoding","server":"scaffolding on HTTPServer2","x-xss-protection":"0","x-frame-options":"SAMEORIGIN","x-content-type-options":"nosniff","alt-svc":"h3-Q050=\":443\"; ma=2592000,h3-29=\":443\"; ma=2592000,h3-27=\":443\"; ma=2592000,h3-T051=\":443\"; ma=2592000,h3-T050=\":443\"; ma=2592000,h3-Q046=\":443\"; ma=2592000,h3-Q043=\":443\"; ma=2592000,quic=\":443\"; ma=2592000; v=\"46,43\"","accept-ranges":"none","transfer-encoding":"chunked"}
[debug] [2020-10-14T04:35:59.093Z] >>> HTTP REQUEST POST https://cloudresourcemanager.googleapis.com/v1/projects/tu-update:testIamPermissions  
 {"permissions":["firebase.projects.get"]}
[debug] [2020-10-14T04:36:02.602Z] <<< HTTP RESPONSE 200 {"content-type":"application/json; charset=UTF-8","vary":"X-Origin, Referer, Origin,Accept-Encoding","date":"Wed, 14 Oct 2020 10:06:02 GMT","server":"ESF","cache-control":"private","x-xss-protection":"0","x-frame-options":"SAMEORIGIN","x-content-type-options":"nosniff","server-timing":"gfet4t7; dur=1149","alt-svc":"h3-Q050=\":443\"; ma=2592000,h3-29=\":443\"; ma=2592000,h3-27=\":443\"; ma=2592000,h3-T051=\":443\"; ma=2592000,h3-T050=\":443\"; ma=2592000,h3-Q046=\":443\"; ma=2592000,h3-Q043=\":443\"; ma=2592000,quic=\":443\"; ma=2592000; v=\"46,43\"","accept-ranges":"none","transfer-encoding":"chunked"}
[debug] [2020-10-14T04:36:02.602Z] >>> HTTP REQUEST GET https://firebase.googleapis.com/v1beta1/projects/tu-update  
 
[debug] [2020-10-14T04:36:04.225Z] <<< HTTP RESPONSE 200 {"content-type":"application/json; charset=UTF-8","vary":"X-Origin, Referer, Origin,Accept-Encoding","date":"Wed, 14 Oct 2020 10:06:03 GMT","server":"ESF","cache-control":"private","x-xss-protection":"0","x-frame-options":"SAMEORIGIN","x-content-type-options":"nosniff","alt-svc":"h3-Q050=\":443\"; ma=2592000,h3-29=\":443\"; ma=2592000,h3-27=\":443\"; ma=2592000,h3-T051=\":443\"; ma=2592000,h3-T050=\":443\"; ma=2592000,h3-Q046=\":443\"; ma=2592000,h3-Q043=\":443\"; ma=2592000,quic=\":443\"; ma=2592000; v=\"46,43\"","accept-ranges":"none","transfer-encoding":"chunked"}
[info] 
[info] === Serving from 'D:\WD\TU App'...
[info] 
[warn] !  Your requested "node" version "8" doesn't match your global version "12" {"metadata":{"emulator":{"name":"functions"},"message":"Your requested \"node\" version \"8\" doesn't match your global version \"12\""}}
[debug] [2020-10-14T04:36:06.254Z] defaultcredentials: writing to file C:\Users\rahul\AppData\Roaming\firebase\tahrahul_tah_gmail.com_application_default_credentials.json
[debug] [2020-10-14T04:36:06.257Z] Setting GAC to C:\Users\rahul\AppData\Roaming\firebase\tahrahul_tah_gmail.com_application_default_credentials.json {"metadata":{"emulator":{"name":"functions"},"message":"Setting GAC to C:\\Users\\rahul\\AppData\\Roaming\\firebase\\tahrahul_tah_gmail.com_application_default_credentials.json"}}
[info] i  functions: Watching "D:\WD\TU App\functions" for Cloud Functions... {"metadata":{"emulator":{"name":"functions"},"message":"Watching \"D:\\WD\\TU App\\functions\" for Cloud Functions..."}}
[debug] [2020-10-14T04:36:06.279Z] [worker-pool] addWorker(~diagnostic~) {"metadata":{"emulator":{"name":"functions"},"message":"[worker-pool] addWorker(~diagnostic~)"}}
[debug] [2020-10-14T04:36:06.280Z] [worker-pool] Adding worker with key ~diagnostic~, total=1 {"metadata":{"emulator":{"name":"functions"},"message":"[worker-pool] Adding worker with key ~diagnostic~, total=1"}}
[debug] [2020-10-14T04:36:06.280Z] [worker-pool] submitWork(triggerId=) {"metadata":{"emulator":{"name":"functions"},"message":"[worker-pool] submitWork(triggerId=)"}}
[debug] [2020-10-14T04:36:06.280Z] [worker-~diagnostic~-da6e9c70-852f-44d4-b9dd-2c0ffa385652]: Assigning socketPath: \\?\pipe\D:\WD\TU App\functions\10588 {"metadata":{"emulator":{"name":"functions"},"message":"[worker-~diagnostic~-da6e9c70-852f-44d4-b9dd-2c0ffa385652]: Assigning socketPath: \\\\?\\pipe\\D:\\WD\\TU App\\functions\\10588"}}
[debug] [2020-10-14T04:36:06.281Z] [worker-~diagnostic~-da6e9c70-852f-44d4-b9dd-2c0ffa385652]: BUSY {"metadata":{"emulator":{"name":"functions"},"message":"[worker-~diagnostic~-da6e9c70-852f-44d4-b9dd-2c0ffa385652]: BUSY"}}
[debug] [2020-10-14T04:36:06.622Z] [runtime-status] [10588] Functions runtime initialized. {"cwd":"D:\\WD\\TU App\\functions","node_version":"12.18.3"} {"metadata":{"emulator":{"name":"functions"},"message":"[runtime-status] [10588] Functions runtime initialized. {\"cwd\":\"D:\\\\WD\\\\TU App\\\\functions\",\"node_version\":\"12.18.3\"}"}}
[debug] [2020-10-14T04:36:06.622Z] [runtime-status] [10588] Disabled runtime features: undefined {"metadata":{"emulator":{"name":"functions"},"message":"[runtime-status] [10588] Disabled runtime features: undefined"}}
[debug] [2020-10-14T04:36:06.628Z] [runtime-status] [10588] Resolved module firebase-admin {"declared":true,"installed":true,"version":"8.13.0","resolution":"D:\\WD\\TU App\\functions\\node_modules\\firebase-admin\\lib\\index.js"} {"metadata":{"emulator":{"name":"functions"},"message":"[runtime-status] [10588] Resolved module firebase-admin {\"declared\":true,\"installed\":true,\"version\":\"8.13.0\",\"resolution\":\"D:\\\\WD\\\\TU App\\\\functions\\\\node_modules\\\\firebase-admin\\\\lib\\\\index.js\"}"}}
[debug] [2020-10-14T04:36:06.635Z] [runtime-status] [10588] Resolved module firebase-functions {"declared":true,"installed":true,"version":"3.11.0","resolution":"D:\\WD\\TU App\\functions\\node_modules\\firebase-functions\\lib\\index.js"} {"metadata":{"emulator":{"name":"functions"},"message":"[runtime-status] [10588] Resolved module firebase-functions {\"declared\":true,\"installed\":true,\"version\":\"3.11.0\",\"resolution\":\"D:\\\\WD\\\\TU App\\\\functions\\\\node_modules\\\\firebase-functions\\\\lib\\\\index.js\"}"}}
[debug] [2020-10-14T04:36:06.635Z] [runtime-status] [10588] Resolved module firebase-functions {"declared":true,"installed":true,"version":"3.11.0","resolution":"D:\\WD\\TU App\\functions\\node_modules\\firebase-functions\\lib\\index.js"} {"metadata":{"emulator":{"name":"functions"},"message":"[runtime-status] [10588] Resolved module firebase-functions {\"declared\":true,\"installed\":true,\"version\":\"3.11.0\",\"resolution\":\"D:\\\\WD\\\\TU App\\\\functions\\\\node_modules\\\\firebase-functions\\\\lib\\\\index.js\"}"}}
[debug] [2020-10-14T04:36:06.637Z] [runtime-status] [10588] Outgoing network have been stubbed. [{"name":"http","status":"mocked"},{"name":"http","status":"mocked"},{"name":"https","status":"mocked"},{"name":"https","status":"mocked"},{"name":"net","status":"mocked"}] {"metadata":{"emulator":{"name":"functions"},"message":"[runtime-status] [10588] Outgoing network have been stubbed. [{\"name\":\"http\",\"status\":\"mocked\"},{\"name\":\"http\",\"status\":\"mocked\"},{\"name\":\"https\",\"status\":\"mocked\"},{\"name\":\"https\",\"status\":\"mocked\"},{\"name\":\"net\",\"status\":\"mocked\"}]"}}
[debug] [2020-10-14T04:36:06.637Z] [runtime-status] [10588] Resolved module firebase-functions {"declared":true,"installed":true,"version":"3.11.0","resolution":"D:\\WD\\TU App\\functions\\node_modules\\firebase-functions\\lib\\index.js"} {"metadata":{"emulator":{"name":"functions"},"message":"[runtime-status] [10588] Resolved module firebase-functions {\"declared\":true,\"installed\":true,\"version\":\"3.11.0\",\"resolution\":\"D:\\\\WD\\\\TU App\\\\functions\\\\node_modules\\\\firebase-functions\\\\lib\\\\index.js\"}"}}
[debug] [2020-10-14T04:36:06.948Z] [runtime-status] [10588] Checked functions.config() {"config":{}} {"metadata":{"emulator":{"name":"functions"},"message":"[runtime-status] [10588] Checked functions.config() {\"config\":{}}"}}
[debug] [2020-10-14T04:36:06.948Z] [runtime-status] [10588] firebase-functions has been stubbed. {"functionsResolution":{"declared":true,"installed":true,"version":"3.11.0","resolution":"D:\\WD\\TU App\\functions\\node_modules\\firebase-functions\\lib\\index.js"}} {"metadata":{"emulator":{"name":"functions"},"message":"[runtime-status] [10588] firebase-functions has been stubbed. {\"functionsResolution\":{\"declared\":true,\"installed\":true,\"version\":\"3.11.0\",\"resolution\":\"D:\\\\WD\\\\TU App\\\\functions\\\\node_modules\\\\firebase-functions\\\\lib\\\\index.js\"}}"}}
[debug] [2020-10-14T04:36:06.948Z] [runtime-status] [10588] Resolved module firebase-functions {"declared":true,"installed":true,"version":"3.11.0","resolution":"D:\\WD\\TU App\\functions\\node_modules\\firebase-functions\\lib\\index.js"} {"metadata":{"emulator":{"name":"functions"},"message":"[runtime-status] [10588] Resolved module firebase-functions {\"declared\":true,\"installed\":true,\"version\":\"3.11.0\",\"resolution\":\"D:\\\\WD\\\\TU App\\\\functions\\\\node_modules\\\\firebase-functions\\\\lib\\\\index.js\"}"}}
[debug] [2020-10-14T04:36:06.949Z] [runtime-status] [10588] Resolved module firebase-admin {"declared":true,"installed":true,"version":"8.13.0","resolution":"D:\\WD\\TU App\\functions\\node_modules\\firebase-admin\\lib\\index.js"} {"metadata":{"emulator":{"name":"functions"},"message":"[runtime-status] [10588] Resolved module firebase-admin {\"declared\":true,\"installed\":true,\"version\":\"8.13.0\",\"resolution\":\"D:\\\\WD\\\\TU App\\\\functions\\\\node_modules\\\\firebase-admin\\\\lib\\\\index.js\"}"}}
[debug] [2020-10-14T04:36:06.950Z] [runtime-status] [10588] Resolved module firebase-functions {"declared":true,"installed":true,"version":"3.11.0","resolution":"D:\\WD\\TU App\\functions\\node_modules\\firebase-functions\\lib\\index.js"} {"metadata":{"emulator":{"name":"functions"},"message":"[runtime-status] [10588] Resolved module firebase-functions {\"declared\":true,\"installed\":true,\"version\":\"3.11.0\",\"resolution\":\"D:\\\\WD\\\\TU App\\\\functions\\\\node_modules\\\\firebase-functions\\\\lib\\\\index.js\"}"}}
[debug] [2020-10-14T04:36:06.950Z] [runtime-status] [10588] firebase-admin has been stubbed. {"adminResolution":{"declared":true,"installed":true,"version":"8.13.0","resolution":"D:\\WD\\TU App\\functions\\node_modules\\firebase-admin\\lib\\index.js"}} {"metadata":{"emulator":{"name":"functions"},"message":"[runtime-status] [10588] firebase-admin has been stubbed. {\"adminResolution\":{\"declared\":true,\"installed\":true,\"version\":\"8.13.0\",\"resolution\":\"D:\\\\WD\\\\TU App\\\\functions\\\\node_modules\\\\firebase-admin\\\\lib\\\\index.js\"}}"}}
[debug] [2020-10-14T04:36:06.952Z] [runtime-status] [10588] initializeApp(DEFAULT) {"databaseURL":"https://tu-update.firebaseio.com","storageBucket":"tu-update.appspot.com","projectId":"tu-update"} {"metadata":{"emulator":{"name":"functions"},"message":"[runtime-status] [10588] initializeApp(DEFAULT) {\"databaseURL\":\"https://tu-update.firebaseio.com\",\"storageBucket\":\"tu-update.appspot.com\",\"projectId\":\"tu-update\"}"}}
[info] +  functions[api]: http function initialized (http://localhost:5000/tu-update/us-central1/api). {"metadata":{"emulator":{"name":"functions"},"message":"\u001b[1mhttp\u001b[22m function initialized (http://localhost:5000/tu-update/us-central1/api)."}}
[debug] [2020-10-14T04:36:08.861Z] [worker-~diagnostic~-da6e9c70-852f-44d4-b9dd-2c0ffa385652]: IDLE {"metadata":{"emulator":{"name":"functions"},"message":"[worker-~diagnostic~-da6e9c70-852f-44d4-b9dd-2c0ffa385652]: IDLE"}}
[debug] [2020-10-14T04:36:14.734Z] [work-queue] {"queueLength":1,"workRunningCount":0}
[debug] [2020-10-14T04:36:14.734Z] [work-queue] {"queueLength":0,"workRunningCount":1}
[debug] [2020-10-14T04:36:14.735Z] Accepted request GET /tu-update/us-central1/api --> api
[debug] [2020-10-14T04:36:14.740Z] [worker-pool] addWorker(api) {"metadata":{"emulator":{"name":"functions"},"message":"[worker-pool] addWorker(api)"}}
[debug] [2020-10-14T04:36:14.740Z] [worker-pool] Adding worker with key api, total=1 {"metadata":{"emulator":{"name":"functions"},"message":"[worker-pool] Adding worker with key api, total=1"}}
[debug] [2020-10-14T04:36:14.740Z] [worker-pool] submitWork(triggerId=api) {"metadata":{"emulator":{"name":"functions"},"message":"[worker-pool] submitWork(triggerId=api)"}}
[debug] [2020-10-14T04:36:14.740Z] [worker-api-53b9930a-db9f-4b6a-b9a1-472e15f32ed3]: Assigning socketPath: \\?\pipe\D:\WD\TU App\functions\4780 {"metadata":{"emulator":{"name":"functions"},"message":"[worker-api-53b9930a-db9f-4b6a-b9a1-472e15f32ed3]: Assigning socketPath: \\\\?\\pipe\\D:\\WD\\TU App\\functions\\4780"}}
[debug] [2020-10-14T04:36:14.741Z] [worker-api-53b9930a-db9f-4b6a-b9a1-472e15f32ed3]: BUSY {"metadata":{"emulator":{"name":"functions"},"message":"[worker-api-53b9930a-db9f-4b6a-b9a1-472e15f32ed3]: BUSY"}}
[debug] [2020-10-14T04:36:15.086Z] [runtime-status] [4780] Functions runtime initialized. {"cwd":"D:\\WD\\TU App\\functions","node_version":"12.18.3"} {"metadata":{"emulator":{"name":"functions"},"function":{"name":"api"},"message":"[runtime-status] [4780] Functions runtime initialized. {\"cwd\":\"D:\\\\WD\\\\TU App\\\\functions\",\"node_version\":\"12.18.3\"}"}}
[debug] [2020-10-14T04:36:15.088Z] [runtime-status] [4780] Disabled runtime features: undefined {"metadata":{"emulator":{"name":"functions"},"function":{"name":"api"},"message":"[runtime-status] [4780] Disabled runtime features: undefined"}}
[debug] [2020-10-14T04:36:15.095Z] [runtime-status] [4780] Resolved module firebase-admin {"declared":true,"installed":true,"version":"8.13.0","resolution":"D:\\WD\\TU App\\functions\\node_modules\\firebase-admin\\lib\\index.js"} {"metadata":{"emulator":{"name":"functions"},"function":{"name":"api"},"message":"[runtime-status] [4780] Resolved module firebase-admin {\"declared\":true,\"installed\":true,\"version\":\"8.13.0\",\"resolution\":\"D:\\\\WD\\\\TU App\\\\functions\\\\node_modules\\\\firebase-admin\\\\lib\\\\index.js\"}"}}
[debug] [2020-10-14T04:36:15.096Z] [runtime-status] [4780] Resolved module firebase-functions {"declared":true,"installed":true,"version":"3.11.0","resolution":"D:\\WD\\TU App\\functions\\node_modules\\firebase-functions\\lib\\index.js"} {"metadata":{"emulator":{"name":"functions"},"function":{"name":"api"},"message":"[runtime-status] [4780] Resolved module firebase-functions {\"declared\":true,\"installed\":true,\"version\":\"3.11.0\",\"resolution\":\"D:\\\\WD\\\\TU App\\\\functions\\\\node_modules\\\\firebase-functions\\\\lib\\\\index.js\"}"}}
[debug] [2020-10-14T04:36:15.097Z] [runtime-status] [4780] Resolved module firebase-functions {"declared":true,"installed":true,"version":"3.11.0","resolution":"D:\\WD\\TU App\\functions\\node_modules\\firebase-functions\\lib\\index.js"} {"metadata":{"emulator":{"name":"functions"},"function":{"name":"api"},"message":"[runtime-status] [4780] Resolved module firebase-functions {\"declared\":true,\"installed\":true,\"version\":\"3.11.0\",\"resolution\":\"D:\\\\WD\\\\TU App\\\\functions\\\\node_modules\\\\firebase-functions\\\\lib\\\\index.js\"}"}}
[debug] [2020-10-14T04:36:15.099Z] [runtime-status] [4780] Outgoing network have been stubbed. [{"name":"http","status":"mocked"},{"name":"http","status":"mocked"},{"name":"https","status":"mocked"},{"name":"https","status":"mocked"},{"name":"net","status":"mocked"}] {"metadata":{"emulator":{"name":"functions"},"function":{"name":"api"},"message":"[runtime-status] [4780] Outgoing network have been stubbed. [{\"name\":\"http\",\"status\":\"mocked\"},{\"name\":\"http\",\"status\":\"mocked\"},{\"name\":\"https\",\"status\":\"mocked\"},{\"name\":\"https\",\"status\":\"mocked\"},{\"name\":\"net\",\"status\":\"mocked\"}]"}}
[debug] [2020-10-14T04:36:15.099Z] [runtime-status] [4780] Resolved module firebase-functions {"declared":true,"installed":true,"version":"3.11.0","resolution":"D:\\WD\\TU App\\functions\\node_modules\\firebase-functions\\lib\\index.js"} {"metadata":{"emulator":{"name":"functions"},"function":{"name":"api"},"message":"[runtime-status] [4780] Resolved module firebase-functions {\"declared\":true,\"installed\":true,\"version\":\"3.11.0\",\"resolution\":\"D:\\\\WD\\\\TU App\\\\functions\\\\node_modules\\\\firebase-functions\\\\lib\\\\index.js\"}"}}
[debug] [2020-10-14T04:36:15.147Z] [runtime-status] [4780] Checked functions.config() {"config":{}} {"metadata":{"emulator":{"name":"functions"},"function":{"name":"api"},"message":"[runtime-status] [4780] Checked functions.config() {\"config\":{}}"}}
[debug] [2020-10-14T04:36:15.147Z] [runtime-status] [4780] firebase-functions has been stubbed. {"functionsResolution":{"declared":true,"installed":true,"version":"3.11.0","resolution":"D:\\WD\\TU App\\functions\\node_modules\\firebase-functions\\lib\\index.js"}} {"metadata":{"emulator":{"name":"functions"},"function":{"name":"api"},"message":"[runtime-status] [4780] firebase-functions has been stubbed. {\"functionsResolution\":{\"declared\":true,\"installed\":true,\"version\":\"3.11.0\",\"resolution\":\"D:\\\\WD\\\\TU App\\\\functions\\\\node_modules\\\\firebase-functions\\\\lib\\\\index.js\"}}"}}
[debug] [2020-10-14T04:36:15.147Z] [runtime-status] [4780] Resolved module firebase-functions {"declared":true,"installed":true,"version":"3.11.0","resolution":"D:\\WD\\TU App\\functions\\node_modules\\firebase-functions\\lib\\index.js"} {"metadata":{"emulator":{"name":"functions"},"function":{"name":"api"},"message":"[runtime-status] [4780] Resolved module firebase-functions {\"declared\":true,\"installed\":true,\"version\":\"3.11.0\",\"resolution\":\"D:\\\\WD\\\\TU App\\\\functions\\\\node_modules\\\\firebase-functions\\\\lib\\\\index.js\"}"}}
[debug] [2020-10-14T04:36:15.148Z] [runtime-status] [4780] Resolved module firebase-admin {"declared":true,"installed":true,"version":"8.13.0","resolution":"D:\\WD\\TU App\\functions\\node_modules\\firebase-admin\\lib\\index.js"} {"metadata":{"emulator":{"name":"functions"},"function":{"name":"api"},"message":"[runtime-status] [4780] Resolved module firebase-admin {\"declared\":true,\"installed\":true,\"version\":\"8.13.0\",\"resolution\":\"D:\\\\WD\\\\TU App\\\\functions\\\\node_modules\\\\firebase-admin\\\\lib\\\\index.js\"}"}}
[debug] [2020-10-14T04:36:15.149Z] [runtime-status] [4780] Resolved module firebase-functions {"declared":true,"installed":true,"version":"3.11.0","resolution":"D:\\WD\\TU App\\functions\\node_modules\\firebase-functions\\lib\\index.js"} {"metadata":{"emulator":{"name":"functions"},"function":{"name":"api"},"message":"[runtime-status] [4780] Resolved module firebase-functions {\"declared\":true,\"installed\":true,\"version\":\"3.11.0\",\"resolution\":\"D:\\\\WD\\\\TU App\\\\functions\\\\node_modules\\\\firebase-functions\\\\lib\\\\index.js\"}"}}
[debug] [2020-10-14T04:36:15.149Z] [runtime-status] [4780] firebase-admin has been stubbed. {"adminResolution":{"declared":true,"installed":true,"version":"8.13.0","resolution":"D:\\WD\\TU App\\functions\\node_modules\\firebase-admin\\lib\\index.js"}} {"metadata":{"emulator":{"name":"functions"},"function":{"name":"api"},"message":"[runtime-status] [4780] firebase-admin has been stubbed. {\"adminResolution\":{\"declared\":true,\"installed\":true,\"version\":\"8.13.0\",\"resolution\":\"D:\\\\WD\\\\TU App\\\\functions\\\\node_modules\\\\firebase-admin\\\\lib\\\\index.js\"}}"}}
[debug] [2020-10-14T04:36:15.151Z] [runtime-status] [4780] initializeApp(DEFAULT) {"databaseURL":"https://tu-update.firebaseio.com","storageBucket":"tu-update.appspot.com","projectId":"tu-update"} {"metadata":{"emulator":{"name":"functions"},"function":{"name":"api"},"message":"[runtime-status] [4780] initializeApp(DEFAULT) {\"databaseURL\":\"https://tu-update.firebaseio.com\",\"storageBucket\":\"tu-update.appspot.com\",\"projectId\":\"tu-update\"}"}}
[debug] [2020-10-14T04:36:15.539Z] [runtime-status] [4780] Trigger "api" has been found, beginning invocation! {"metadata":{"emulator":{"name":"functions"},"function":{"name":"api"},"message":"[runtime-status] [4780] Trigger \"api\" has been found, beginning invocation!"}}
[info] i  functions: Beginning execution of "api" {"metadata":{"emulator":{"name":"functions"},"function":{"name":"api"},"message":"Beginning execution of \"api\""}}
[debug] [2020-10-14T04:36:15.540Z] [runtime-status] [4780] triggerDefinition {"httpsTrigger":{},"name":"api","entryPoint":"api"} {"metadata":{"emulator":{"name":"functions"},"function":{"name":"api"},"message":"[runtime-status] [4780] triggerDefinition {\"httpsTrigger\":{},\"name\":\"api\",\"entryPoint\":\"api\"}"}}
[debug] [2020-10-14T04:36:15.540Z] [runtime-status] [4780] Running api in mode HTTPS {"metadata":{"emulator":{"name":"functions"},"function":{"name":"api"},"message":"[runtime-status] [4780] Running api in mode HTTPS"}}
[debug] [2020-10-14T04:36:15.542Z] [runtime-status] [4780] Attempting to listen to socketPath: \\?\pipe\D:\WD\TU App\functions\4780 {"metadata":{"emulator":{"name":"functions"},"function":{"name":"api"},"message":"[runtime-status] [4780] Attempting to listen to socketPath: \\\\?\\pipe\\D:\\WD\\TU App\\functions\\4780"}}
[debug] [2020-10-14T04:36:15.547Z] [functions] Runtime ready! Sending request! {"metadata":{"emulator":{"name":"functions"},"message":"[functions] Runtime ready! Sending request!"}}
[debug] [2020-10-14T04:36:15.555Z] [runtime-status] [4780] Ephemeral server handling GET request {"metadata":{"emulator":{"name":"functions"},"function":{"name":"api"},"message":"[runtime-status] [4780] Ephemeral server handling GET request"}}
[debug] [2020-10-14T04:36:15.560Z] [runtime-status] [4780] Ephemeral server survived. {"metadata":{"emulator":{"name":"functions"},"function":{"name":"api"},"message":"[runtime-status] [4780] Ephemeral server survived."}}
[info] i  functions: Finished "api" in ~1s {"metadata":{"emulator":{"name":"functions"},"function":{"name":"api"},"message":"Finished \"api\" in ~1s"}}
[debug] [2020-10-14T04:36:15.561Z] [worker-api-53b9930a-db9f-4b6a-b9a1-472e15f32ed3]: IDLE {"metadata":{"emulator":{"name":"functions"},"message":"[worker-api-53b9930a-db9f-4b6a-b9a1-472e15f32ed3]: IDLE"}}
[debug] [2020-10-14T04:36:15.562Z] [work-queue] {"queueLength":0,"workRunningCount":0}
[debug] [2020-10-14T04:36:28.520Z] [work-queue] {"queueLength":1,"workRunningCount":0}
[debug] [2020-10-14T04:36:28.520Z] [work-queue] {"queueLength":0,"workRunningCount":1}
[debug] [2020-10-14T04:36:28.520Z] Accepted request GET /tu-update/us-central1/api/updates --> api
[debug] [2020-10-14T04:36:28.520Z] [worker-pool] submitWork(triggerId=api) {"metadata":{"emulator":{"name":"functions"},"message":"[worker-pool] submitWork(triggerId=api)"}}
[debug] [2020-10-14T04:36:28.520Z] [worker-api-53b9930a-db9f-4b6a-b9a1-472e15f32ed3]: Assigning socketPath: \\?\pipe\D:\WD\TU App\functions\4780 {"metadata":{"emulator":{"name":"functions"},"message":"[worker-api-53b9930a-db9f-4b6a-b9a1-472e15f32ed3]: Assigning socketPath: \\\\?\\pipe\\D:\\WD\\TU App\\functions\\4780"}}
[debug] [2020-10-14T04:36:28.521Z] [worker-api-53b9930a-db9f-4b6a-b9a1-472e15f32ed3]: BUSY {"metadata":{"emulator":{"name":"functions"},"message":"[worker-api-53b9930a-db9f-4b6a-b9a1-472e15f32ed3]: BUSY"}}
[debug] [2020-10-14T04:36:28.521Z] [runtime-status] [4780] Trigger "api" has been found, beginning invocation! {"metadata":{"emulator":{"name":"functions"},"function":{"name":"api"},"message":"[runtime-status] [4780] Trigger \"api\" has been found, beginning invocation!"}}
[info] i  functions: Beginning execution of "api" {"metadata":{"emulator":{"name":"functions"},"function":{"name":"api"},"message":"Beginning execution of \"api\""}}
[debug] [2020-10-14T04:36:28.523Z] [runtime-status] [4780] triggerDefinition {"httpsTrigger":{},"name":"api","entryPoint":"api"} {"metadata":{"emulator":{"name":"functions"},"function":{"name":"api"},"message":"[runtime-status] [4780] triggerDefinition {\"httpsTrigger\":{},\"name\":\"api\",\"entryPoint\":\"api\"}"}}
[debug] [2020-10-14T04:36:28.524Z] [runtime-status] [4780] Running api in mode HTTPS {"metadata":{"emulator":{"name":"functions"},"function":{"name":"api"},"message":"[runtime-status] [4780] Running api in mode HTTPS"}}
[debug] [2020-10-14T04:36:28.524Z] [runtime-status] [4780] Attempting to listen to socketPath: \\?\pipe\D:\WD\TU App\functions\4780 {"metadata":{"emulator":{"name":"functions"},"function":{"name":"api"},"message":"[runtime-status] [4780] Attempting to listen to socketPath: \\\\?\\pipe\\D:\\WD\\TU App\\functions\\4780"}}
[debug] [2020-10-14T04:36:28.525Z] [functions] Runtime ready! Sending request! {"metadata":{"emulator":{"name":"functions"},"message":"[functions] Runtime ready! Sending request!"}}
[debug] [2020-10-14T04:36:28.531Z] [runtime-status] [4780] Ephemeral server handling GET request {"metadata":{"emulator":{"name":"functions"},"function":{"name":"api"},"message":"[runtime-status] [4780] Ephemeral server handling GET request"}}
[warn] !  functions: The Cloud Firestore emulator is not running, so calls to Firestore will affect production. {"metadata":{"emulator":{"name":"functions"},"function":{"name":"api"},"message":"The Cloud Firestore emulator is not running, so calls to Firestore will affect production."}}
[debug] [2020-10-14T04:36:29.760Z] [runtime-status] [4780] Ephemeral server survived. {"metadata":{"emulator":{"name":"functions"},"function":{"name":"api"},"message":"[runtime-status] [4780] Ephemeral server survived."}}
[warn] !  Google API requested!
   - URL: "https://oauth2.googleapis.com/token"
   - Be careful, this may be a production service. {"metadata":{"emulator":{"name":"functions"},"function":{"name":"api"},"message":"Google API requested!\n   - URL: \"https://oauth2.googleapis.com/token\"\n   - Be careful, this may be a production service."}}
[info] i  functions: Finished "api" in ~6s {"metadata":{"emulator":{"name":"functions"},"function":{"name":"api"},"message":"Finished \"api\" in ~6s"}}
[debug] [2020-10-14T04:36:35.377Z] [worker-api-53b9930a-db9f-4b6a-b9a1-472e15f32ed3]: IDLE {"metadata":{"emulator":{"name":"functions"},"message":"[worker-api-53b9930a-db9f-4b6a-b9a1-472e15f32ed3]: IDLE"}}
[debug] [2020-10-14T04:36:35.378Z] [work-queue] {"queueLength":0,"workRunningCount":0}
[debug] [2020-10-14T04:36:36.148Z] Functions emulator received unknown request at path /favicon.ico
